# JRE version: OpenJDK Runtime Environment (26.0.2) (build 26.0.2)
# Java VM: OpenJDK 64-Bit Server VM (26.0.2, mixed mode, sharing, tiered, compressed oops, compressed class ptrs, g1 gc, linux-amd64)
Heap:
 garbage-first heap   total reserved 3997696K, committed 317440K, used 158221K [0x000000070c000000, 0x0000000800000000)
  region size 2M, 26 eden (52M), 3 survivor (6M), 50 old (100M), 0 humongous (0M), 76 free (152M)
GC Heap Usage History (20 events):
Event: 26,041 {heap Before GC invocations=32 (full 0):
 garbage-first heap   total reserved 3997696K, committed 331776K, used 281018K [0x000000070c000000, 0x0000000800000000)
  region size 2M, 85 eden (170M), 3 survivor (6M), 51 old (102M), 0 humongous (0M), 23 free (46M)
}
Event: 26,046 {heap After GC invocations=33 (full 0):
 garbage-first heap   total reserved 3997696K, committed 331776K, used 107956K [0x000000070c000000, 0x0000000800000000)
  region size 2M, 0 eden (0M), 3 survivor (6M), 51 old (102M), 0 humongous (0M), 108 free (216M)
}
Event: 27,698 {heap Before GC invocations=34 (full 0):
 garbage-first heap   total reserved 3997696K, committed 331776K, used 298420K [0x000000070c000000, 0x0000000800000000)
  region size 2M, 93 eden (186M), 3 survivor (6M), 51 old (102M), 0 humongous (0M), 15 free (30M)
}
Event: 27,709 {heap After GC invocations=35 (full 0):
 garbage-first heap   total reserved 3997696K, committed 331776K, used 108738K [0x000000070c000000, 0x0000000800000000)
  region size 2M, 0 eden (0M), 3 survivor (6M), 51 old (102M), 0 humongous (0M), 108 free (216M)
}
Event: 45,648 {heap Before GC invocations=35 (full 0):
 garbage-first heap   total reserved 3997696K, committed 331776K, used 301250K [0x000000070c000000, 0x0000000800000000)
  region size 2M, 94 eden (188M), 3 survivor (6M), 51 old (102M), 0 humongous (0M), 14 free (28M)
}
Event: 45,654 {heap After GC invocations=36 (full 0):
 garbage-first heap   total reserved 3997696K, committed 331776K, used 107202K [0x000000070c000000, 0x0000000800000000)
  region size 2M, 0 eden (0M), 3 survivor (6M), 50 old (100M), 0 humongous (0M), 109 free (218M)
}
Event: 61,252 {heap Before GC invocations=36 (full 0):
 garbage-first heap   total reserved 3997696K, committed 331776K, used 299714K [0x000000070c000000, 0x0000000800000000)
  region size 2M, 94 eden (188M), 3 survivor (6M), 50 old (100M), 0 humongous (0M), 15 free (30M)
}
Event: 61,258 {heap After GC invocations=37 (full 0):
 garbage-first heap   total reserved 3997696K, committed 317440K, used 107292K [0x000000070c000000, 0x0000000800000000)
  region size 2M, 0 eden (0M), 3 survivor (6M), 50 old (100M), 0 humongous (0M), 102 free (204M)
}
Event: 82,212 {heap Before GC invocations=37 (full 0):
 garbage-first heap   total reserved 3997696K, committed 317440K, used 291612K [0x000000070c000000, 0x0000000800000000)
  region size 2M, 90 eden (180M), 3 survivor (6M), 50 old (100M), 0 humongous (0M), 12 free (24M)
}
Event: 82,217 {heap After GC invocations=38 (full 0):
 garbage-first heap   total reserved 3997696K, committed 317440K, used 107053K [0x000000070c000000, 0x0000000800000000)
  region size 2M, 0 eden (0M), 3 survivor (6M), 50 old (100M), 0 humongous (0M), 102 free (204M)
}
Event: 112,296 {heap Before GC invocations=38 (full 0):
 garbage-first heap   total reserved 3997696K, committed 317440K, used 291373K [0x000000070c000000, 0x0000000800000000)
  region size 2M, 90 eden (180M), 3 survivor (6M), 50 old (100M), 0 humongous (0M), 12 free (24M)
}
Event: 112,301 {heap After GC invocations=39 (full 0):
 garbage-first heap   total reserved 3997696K, committed 317440K, used 107296K [0x000000070c000000, 0x0000000800000000)
  region size 2M, 0 eden (0M), 3 survivor (6M), 50 old (100M), 0 humongous (0M), 102 free (204M)
}
Event: 142,562 {heap Before GC invocations=39 (full 0):
 garbage-first heap   total reserved 3997696K, committed 317440K, used 291616K [0x000000070c000000, 0x0000000800000000)
  region size 2M, 90 eden (180M), 3 survivor (6M), 50 old (100M), 0 humongous (0M), 12 free (24M)
}
Event: 142,567 {heap After GC invocations=40 (full 0):
 garbage-first heap   total reserved 3997696K, committed 317440K, used 107032K [0x000000070c000000, 0x0000000800000000)
  region size 2M, 0 eden (0M), 3 survivor (6M), 50 old (100M), 0 humongous (0M), 102 free (204M)
}
Event: 171,528 {heap Before GC invocations=40 (full 0):
 garbage-first heap   total reserved 3997696K, committed 317440K, used 291352K [0x000000070c000000, 0x0000000800000000)
  region size 2M, 90 eden (180M), 3 survivor (6M), 50 old (100M), 0 humongous (0M), 12 free (24M)
}
Event: 171,533 {heap After GC invocations=41 (full 0):
 garbage-first heap   total reserved 3997696K, committed 317440K, used 107025K [0x000000070c000000, 0x0000000800000000)
  region size 2M, 0 eden (0M), 3 survivor (6M), 50 old (100M), 0 humongous (0M), 102 free (204M)
}
Event: 201,629 {heap Before GC invocations=41 (full 0):
 garbage-first heap   total reserved 3997696K, committed 317440K, used 291345K [0x000000070c000000, 0x0000000800000000)
  region size 2M, 90 eden (180M), 3 survivor (6M), 50 old (100M), 0 humongous (0M), 12 free (24M)
}
Event: 201,635 {heap After GC invocations=42 (full 0):
 garbage-first heap   total reserved 3997696K, committed 317440K, used 107342K [0x000000070c000000, 0x0000000800000000)
  region size 2M, 0 eden (0M), 3 survivor (6M), 50 old (100M), 0 humongous (0M), 102 free (204M)
}
Event: 231,762 {heap Before GC invocations=42 (full 0):
 garbage-first heap   total reserved 3997696K, committed 317440K, used 291662K [0x000000070c000000, 0x0000000800000000)
  region size 2M, 90 eden (180M), 3 survivor (6M), 50 old (100M), 0 humongous (0M), 12 free (24M)
}
Event: 231,767 {heap After GC invocations=43 (full 0):
 garbage-first heap   total reserved 3997696K, committed 317440K, used 107021K [0x000000070c000000, 0x0000000800000000)
  region size 2M, 0 eden (0M), 3 survivor (6M), 50 old (100M), 0 humongous (0M), 102 free (204M)
}

